Presolving model
Solving the original LP with primal simplex to determine infeasible or unbounded
Using EKK primal simplex solver
  Iteration        Objective     Infeasibilities num(sum)
          0     0.0000000000e+00 Ph1: 1(10); Du: 2(2) 0s
          1     1.0000000000e+01 Pr: 0(0); Du: 1(1) 0s
Model   status      : Unbounded
Simplex   iterations: 1
Objective value     :  1.0000000000e+01
HiGHS run time      :          0.00
Presolving model
Solving the original LP with primal simplex to determine infeasible or unbounded
Using EKK primal simplex solver
  Iteration        Objective     Infeasibilities num(sum)
          0     0.0000000000e+00 Ph1: 1(10); Du: 2(2) 0s
          1     1.0000000000e+01 Pr: 0(0); Du: 1(1) 0s
Model   status      : Unbounded
Simplex   iterations: 1
Objective value     :  1.0000000000e+01
HiGHS run time      :          0.00
